<?xml version="1.0" encoding="UTF-8"?>
<testng-results ignored="0" total="1" passed="1" failed="0" skipped="0">
  <reporter-output>
  </reporter-output>
  <suite started-at="2025-03-04T22:58:50 EST" name="Test Suite" finished-at="2025-03-04T22:59:06 EST" duration-ms="15428">
    <groups>
      <group name="Master">
        <method signature="TC003_LoginDDT.verify_loginDDT(java.lang.String,java.lang.String,java.lang.String)[pri:0, instance:testCases.TC003_LoginDDT@7e3181aa]" name="verify_loginDDT" class="testCases.TC003_LoginDDT"/>
      </group> <!-- Master -->
      <group name="datadriven">
        <method signature="TC003_LoginDDT.verify_loginDDT(java.lang.String,java.lang.String,java.lang.String)[pri:0, instance:testCases.TC003_LoginDDT@7e3181aa]" name="verify_loginDDT" class="testCases.TC003_LoginDDT"/>
      </group> <!-- datadriven -->
    </groups>
    <test started-at="2025-03-04T22:58:50 EST" name="Test" finished-at="2025-03-04T22:59:06 EST" duration-ms="15428">
      <class name="testCases.TC003_LoginDDT">
        <test-method is-config="true" signature="setup(java.lang.String)[pri:0, instance:testCases.TC003_LoginDDT@7e3181aa]" started-at="2025-03-04T22:58:54 EST" name="setup" finished-at="2025-03-04T22:59:02 EST" duration-ms="7884" status="PASS">
          <params>
            <param index="0">
              <value>
                <![CDATA[chrome]]>
              </value>
            </param>
          </params>
          <reporter-output>
          </reporter-output>
        </test-method> <!-- setup -->
        <test-method signature="verify_loginDDT(java.lang.String,java.lang.String,java.lang.String)[pri:0, instance:testCases.TC003_LoginDDT@7e3181aa]" started-at="2025-03-04T22:59:02 EST" name="verify_loginDDT" data-provider="LoginData" finished-at="2025-03-04T22:59:05 EST" duration-ms="2460" status="PASS">
          <params>
            <param index="0">
              <value>
                <![CDATA[canprintdocs@gmail.com]]>
              </value>
            </param>
            <param index="1">
              <value>
                <![CDATA[Playwright]]>
              </value>
            </param>
            <param index="2">
              <value>
                <![CDATA[Valid]]>
              </value>
            </param>
          </params>
          <reporter-output>
          </reporter-output>
        </test-method> <!-- verify_loginDDT -->
        <test-method is-config="true" signature="tearDown()[pri:0, instance:testCases.TC003_LoginDDT@7e3181aa]" started-at="2025-03-04T22:59:05 EST" name="tearDown" finished-at="2025-03-04T22:59:06 EST" duration-ms="769" status="PASS">
          <reporter-output>
          </reporter-output>
        </test-method> <!-- tearDown -->
      </class> <!-- testCases.TC003_LoginDDT -->
    </test> <!-- Test -->
  </suite> <!-- Test Suite -->
</testng-results>
